Error: client.init:1084 sun.reflect.NativeMethodAccessorImpl.invoke0 sun.reflect.NativeMethodAccessorImpl.invoke:57 sun.reflect.DelegatingMethodAccessorImpl.invoke:43 java.lang.reflect.Method.invoke:606 Rs2Applet.a:45 Rs2Applet.init:331 net.pgrid.loader.AppletFrame.startApplet:128 net.pgrid.loader.ClientLoader.main:160 net.pgrid.loader.PGLoader.main:62 | java.lang.RuntimeException | 
ajw
	at ps.r(ps.java:136)
	at ps.u(ps.java:105)
	at abe.<init>(abe.java:225)
	at cf.u(cf.java:13)
	at df.m(df.java:56)
	at ao.u(ao.java:50)
	at ah.fh(ah.java:1922)
	at acl.fz(acl.java:1882)
	at aq.ft(aq.java:2050)
	at v.i(v.java:135)
	at ei.a(ei.java:73)
	at om.ark(om.java:12063)
	at hf.z(hf.java:2766)
	at af.n(af.java:352)
	at sf.g(sf.java:256)
	at kw.a(kw.java:194)
	at client.gd(client.java:2637)
	at client.av(client.java:1422)
	at pa.d(pa.java:584)
	at pa.s(pa.java:560)
	at pa.run(pa.java:517)
	at java.lang.Thread.run(Thread.java:744)
